Arguments: 
  D:\Program Files\nodejs\node.exe C:\Users\Hens\AppData\Roaming\npm\node_modules\yarn\bin\yarn.js

PATH: 
  C:\Windows\system32;C:\Windows;C:\Windows\System32\Wbem;C:\Windows\System32\WindowsPowerShell\v1.0\;C:\Windows\System32\OpenSSH\;D:\Program Files\nodejs\;D:\Program Files\Git\cmd;D:\Ruby27-x64\bin;C:\Users\Hens\AppData\Local\Microsoft\WindowsApps;C:\Users\Hens\AppData\Roaming\npm;D:\Users\Hens\AppData\Local\Programs\Microsoft VS Code\bin

Yarn version: 
  1.22.17

Node version: 
  16.4.1

Platform: 
  win32 x64

Trace: 
  Error: connect ECONNREFUSED 61.184.215.178:443
      at TCPConnectWrap.afterConnect [as oncomplete] (node:net:1132:16)

npm manifest: 
  {
    "name": "my-mini-vue",
    "version": "1.0.0",
    "main": "/lib/mini-vue.cjs.js",
    "module": "/lib/mini-vue.esm.js",
    "license": "MIT",
    "scripts": {
      "jest": "jest",
      "build": "npx rollup -c rollup.config.js"
    },
    "devDependencies": {
      "@babel/core": "^7.15.5",
      "@babel/preset-env": "^7.15.4",
      "@babel/preset-typescript": "^7.15.0",
      "@rollup/plugin-typescript": "^8.2.5",
      "@types/jest": "^27.0.1",
      "babel-jest": "^27.1.1",
      "jest": "^27.1.1",
      "rollup": "^2.58.0",
      "tslib": "^2.3.1",
      "typescript": "^4.4.3"
    }
  }

yarn manifest: 
  No manifest

Lockfile: 
  No lockfile
